01-May-2021 07:37:18.829 INFO [main] org.apache.catalina.core.ApplicationContext.log ContextListener: contextInitialized()
01-May-2021 07:37:18.829 INFO [main] org.apache.catalina.core.ApplicationContext.log SessionListener: contextInitialized()
01-May-2021 07:37:18.845 INFO [main] org.apache.catalina.core.ApplicationContext.log ContextListener: attributeAdded('StockTicker', 'async.Stockticker@683dbc2c')
01-May-2021 07:40:42.789 INFO [main] org.apache.catalina.core.ApplicationContext.log SessionListener: contextDestroyed()
01-May-2021 07:40:42.789 INFO [main] org.apache.catalina.core.ApplicationContext.log ContextListener: contextDestroyed()
01-May-2021 09:14:45.649 INFO [main] org.apache.catalina.core.ApplicationContext.log ContextListener: contextInitialized()
01-May-2021 09:14:45.660 INFO [main] org.apache.catalina.core.ApplicationContext.log SessionListener: contextInitialized()
01-May-2021 09:14:45.670 INFO [main] org.apache.catalina.core.ApplicationContext.log ContextListener: attributeAdded('StockTicker', 'async.Stockticker@1329eff')
01-May-2021 09:23:30.614 INFO [main] org.apache.catalina.core.ApplicationContext.log SessionListener: contextDestroyed()
01-May-2021 09:23:30.614 INFO [main] org.apache.catalina.core.ApplicationContext.log ContextListener: contextDestroyed()
01-May-2021 09:23:43.718 INFO [main] org.apache.catalina.core.ApplicationContext.log ContextListener: contextInitialized()
01-May-2021 09:23:43.726 INFO [main] org.apache.catalina.core.ApplicationContext.log SessionListener: contextInitialized()
01-May-2021 09:23:43.728 INFO [main] org.apache.catalina.core.ApplicationContext.log ContextListener: attributeAdded('StockTicker', 'async.Stockticker@1329eff')
01-May-2021 09:24:43.907 INFO [main] org.apache.catalina.core.ApplicationContext.log SessionListener: contextDestroyed()
01-May-2021 09:24:43.907 INFO [main] org.apache.catalina.core.ApplicationContext.log ContextListener: contextDestroyed()
01-May-2021 09:24:56.351 INFO [main] org.apache.catalina.core.ApplicationContext.log ContextListener: contextInitialized()
01-May-2021 09:24:56.351 INFO [main] org.apache.catalina.core.ApplicationContext.log SessionListener: contextInitialized()
01-May-2021 09:24:56.361 INFO [main] org.apache.catalina.core.ApplicationContext.log ContextListener: attributeAdded('StockTicker', 'async.Stockticker@1329eff')
01-May-2021 09:25:17.152 INFO [main] org.apache.catalina.core.ApplicationContext.log SessionListener: contextDestroyed()
01-May-2021 09:25:17.154 INFO [main] org.apache.catalina.core.ApplicationContext.log ContextListener: contextDestroyed()
01-May-2021 09:26:13.317 INFO [main] org.apache.catalina.core.ApplicationContext.log ContextListener: contextInitialized()
01-May-2021 09:26:13.319 INFO [main] org.apache.catalina.core.ApplicationContext.log SessionListener: contextInitialized()
01-May-2021 09:26:13.330 INFO [main] org.apache.catalina.core.ApplicationContext.log ContextListener: attributeAdded('StockTicker', 'async.Stockticker@41c2284a')
01-May-2021 09:26:45.768 INFO [http-nio-8080-exec-2] org.apache.catalina.core.ApplicationContext.log Marking servlet [SetCookie] as unavailable
01-May-2021 09:26:45.768 SEVERE [http-nio-8080-exec-2] org.apache.catalina.core.StandardWrapperValve.invoke Allocate exception for servlet [SetCookie]
	java.lang.ClassNotFoundException: SetCookie1
		at org.apache.catalina.loader.WebappClassLoaderBase.loadClass(WebappClassLoaderBase.java:1364)
		at org.apache.catalina.loader.WebappClassLoaderBase.loadClass(WebappClassLoaderBase.java:1187)
		at org.apache.catalina.core.DefaultInstanceManager.loadClass(DefaultInstanceManager.java:539)
		at org.apache.catalina.core.DefaultInstanceManager.loadClassMaybePrivileged(DefaultInstanceManager.java:520)
		at org.apache.catalina.core.DefaultInstanceManager.newInstance(DefaultInstanceManager.java:150)
		at org.apache.catalina.core.StandardWrapper.loadServlet(StandardWrapper.java:1042)
		at org.apache.catalina.core.StandardWrapper.allocate(StandardWrapper.java:761)
		at org.apache.catalina.core.StandardWrapperValve.invoke(StandardWrapperValve.java:135)
		at org.apache.catalina.core.StandardContextValve.invoke(StandardContextValve.java:97)
		at org.apache.catalina.authenticator.AuthenticatorBase.invoke(AuthenticatorBase.java:542)
		at org.apache.catalina.core.StandardHostValve.invoke(StandardHostValve.java:143)
		at org.apache.catalina.valves.ErrorReportValve.invoke(ErrorReportValve.java:92)
		at org.apache.catalina.valves.AbstractAccessLogValve.invoke(AbstractAccessLogValve.java:687)
		at org.apache.catalina.core.StandardEngineValve.invoke(StandardEngineValve.java:78)
		at org.apache.catalina.connector.CoyoteAdapter.service(CoyoteAdapter.java:357)
		at org.apache.coyote.http11.Http11Processor.service(Http11Processor.java:374)
		at org.apache.coyote.AbstractProcessorLight.process(AbstractProcessorLight.java:65)
		at org.apache.coyote.AbstractProtocol$ConnectionHandler.process(AbstractProtocol.java:893)
		at org.apache.tomcat.util.net.NioEndpoint$SocketProcessor.doRun(NioEndpoint.java:1707)
		at org.apache.tomcat.util.net.SocketProcessorBase.run(SocketProcessorBase.java:49)
		at java.util.concurrent.ThreadPoolExecutor.runWorker(ThreadPoolExecutor.java:1149)
		at java.util.concurrent.ThreadPoolExecutor$Worker.run(ThreadPoolExecutor.java:624)
		at org.apache.tomcat.util.threads.TaskThread$WrappingRunnable.run(TaskThread.java:61)
		at java.lang.Thread.run(Thread.java:748)
01-May-2021 09:28:06.341 INFO [main] org.apache.catalina.core.ApplicationContext.log SessionListener: contextDestroyed()
01-May-2021 09:28:06.341 INFO [main] org.apache.catalina.core.ApplicationContext.log ContextListener: contextDestroyed()
01-May-2021 09:29:45.113 INFO [main] org.apache.catalina.core.ApplicationContext.log ContextListener: contextInitialized()
01-May-2021 09:29:45.113 INFO [main] org.apache.catalina.core.ApplicationContext.log SessionListener: contextInitialized()
01-May-2021 09:29:45.124 INFO [main] org.apache.catalina.core.ApplicationContext.log ContextListener: attributeAdded('StockTicker', 'async.Stockticker@41c2284a')
01-May-2021 09:29:52.834 INFO [http-nio-8080-exec-4] org.apache.catalina.core.ApplicationContext.log Marking servlet [SetCookie] as unavailable
01-May-2021 09:29:52.850 SEVERE [http-nio-8080-exec-4] org.apache.catalina.core.StandardWrapperValve.invoke Allocate exception for servlet [SetCookie]
	java.lang.ClassNotFoundException: SetCookie1
		at org.apache.catalina.loader.WebappClassLoaderBase.loadClass(WebappClassLoaderBase.java:1364)
		at org.apache.catalina.loader.WebappClassLoaderBase.loadClass(WebappClassLoaderBase.java:1187)
		at org.apache.catalina.core.DefaultInstanceManager.loadClass(DefaultInstanceManager.java:539)
		at org.apache.catalina.core.DefaultInstanceManager.loadClassMaybePrivileged(DefaultInstanceManager.java:520)
		at org.apache.catalina.core.DefaultInstanceManager.newInstance(DefaultInstanceManager.java:150)
		at org.apache.catalina.core.StandardWrapper.loadServlet(StandardWrapper.java:1042)
		at org.apache.catalina.core.StandardWrapper.allocate(StandardWrapper.java:761)
		at org.apache.catalina.core.StandardWrapperValve.invoke(StandardWrapperValve.java:135)
		at org.apache.catalina.core.StandardContextValve.invoke(StandardContextValve.java:97)
		at org.apache.catalina.authenticator.AuthenticatorBase.invoke(AuthenticatorBase.java:542)
		at org.apache.catalina.core.StandardHostValve.invoke(StandardHostValve.java:143)
		at org.apache.catalina.valves.ErrorReportValve.invoke(ErrorReportValve.java:92)
		at org.apache.catalina.valves.AbstractAccessLogValve.invoke(AbstractAccessLogValve.java:687)
		at org.apache.catalina.core.StandardEngineValve.invoke(StandardEngineValve.java:78)
		at org.apache.catalina.connector.CoyoteAdapter.service(CoyoteAdapter.java:357)
		at org.apache.coyote.http11.Http11Processor.service(Http11Processor.java:374)
		at org.apache.coyote.AbstractProcessorLight.process(AbstractProcessorLight.java:65)
		at org.apache.coyote.AbstractProtocol$ConnectionHandler.process(AbstractProtocol.java:893)
		at org.apache.tomcat.util.net.NioEndpoint$SocketProcessor.doRun(NioEndpoint.java:1707)
		at org.apache.tomcat.util.net.SocketProcessorBase.run(SocketProcessorBase.java:49)
		at java.util.concurrent.ThreadPoolExecutor.runWorker(ThreadPoolExecutor.java:1149)
		at java.util.concurrent.ThreadPoolExecutor$Worker.run(ThreadPoolExecutor.java:624)
		at org.apache.tomcat.util.threads.TaskThread$WrappingRunnable.run(TaskThread.java:61)
		at java.lang.Thread.run(Thread.java:748)
01-May-2021 09:30:07.270 INFO [main] org.apache.catalina.core.ApplicationContext.log SessionListener: contextDestroyed()
01-May-2021 09:30:07.286 INFO [main] org.apache.catalina.core.ApplicationContext.log ContextListener: contextDestroyed()
01-May-2021 09:30:35.987 INFO [main] org.apache.catalina.core.ApplicationContext.log ContextListener: contextInitialized()
01-May-2021 09:30:35.995 INFO [main] org.apache.catalina.core.ApplicationContext.log SessionListener: contextInitialized()
01-May-2021 09:30:35.997 INFO [main] org.apache.catalina.core.ApplicationContext.log ContextListener: attributeAdded('StockTicker', 'async.Stockticker@53aad5d5')
01-May-2021 09:31:08.655 INFO [main] org.apache.catalina.core.ApplicationContext.log SessionListener: contextDestroyed()
01-May-2021 09:31:08.655 INFO [main] org.apache.catalina.core.ApplicationContext.log ContextListener: contextDestroyed()
01-May-2021 09:31:37.862 INFO [main] org.apache.catalina.core.ApplicationContext.log ContextListener: contextInitialized()
01-May-2021 09:31:37.865 INFO [main] org.apache.catalina.core.ApplicationContext.log SessionListener: contextInitialized()
01-May-2021 09:31:37.873 INFO [main] org.apache.catalina.core.ApplicationContext.log ContextListener: attributeAdded('StockTicker', 'async.Stockticker@53aad5d5')
01-May-2021 09:33:30.004 INFO [main] org.apache.catalina.core.ApplicationContext.log SessionListener: contextDestroyed()
01-May-2021 09:33:30.004 INFO [main] org.apache.catalina.core.ApplicationContext.log ContextListener: contextDestroyed()
01-May-2021 09:33:43.199 INFO [main] org.apache.catalina.core.ApplicationContext.log ContextListener: contextInitialized()
01-May-2021 09:33:43.199 INFO [main] org.apache.catalina.core.ApplicationContext.log SessionListener: contextInitialized()
01-May-2021 09:33:43.210 INFO [main] org.apache.catalina.core.ApplicationContext.log ContextListener: attributeAdded('StockTicker', 'async.Stockticker@53aad5d5')
01-May-2021 09:35:21.936 INFO [main] org.apache.catalina.core.ApplicationContext.log SessionListener: contextDestroyed()
01-May-2021 09:35:21.936 INFO [main] org.apache.catalina.core.ApplicationContext.log ContextListener: contextDestroyed()
