16-May-2021 11:51:07.160 INFO [main] org.apache.catalina.core.ApplicationContext.log ContextListener: contextInitialized()
16-May-2021 11:51:07.160 INFO [main] org.apache.catalina.core.ApplicationContext.log SessionListener: contextInitialized()
16-May-2021 11:51:07.170 INFO [main] org.apache.catalina.core.ApplicationContext.log ContextListener: attributeAdded('StockTicker', 'async.Stockticker@44a7bfbc')
16-May-2021 11:52:22.909 INFO [main] org.apache.catalina.core.ApplicationContext.log SessionListener: contextDestroyed()
16-May-2021 11:52:22.909 INFO [main] org.apache.catalina.core.ApplicationContext.log ContextListener: contextDestroyed()
16-May-2021 11:53:56.565 INFO [main] org.apache.catalina.core.ApplicationContext.log ContextListener: contextInitialized()
16-May-2021 11:53:56.567 INFO [main] org.apache.catalina.core.ApplicationContext.log SessionListener: contextInitialized()
16-May-2021 11:53:56.577 INFO [main] org.apache.catalina.core.ApplicationContext.log ContextListener: attributeAdded('StockTicker', 'async.Stockticker@53aad5d5')
16-May-2021 12:19:29.758 SEVERE [http-nio-8080-exec-9] org.apache.catalina.core.StandardWrapperValve.invoke Servlet.service() for servlet [jsp] in context with path [/quiz] threw exception [Unable to compile class for JSP: 

An error occurred at line: [16] in the jsp file: [/Exercise38_14_DisplayResult.jsp]
c cannot be resolved to a variable
13:     try{
14:       a = new Integer(as[i]);
15:       b = new Integer(bs[i]);
16:       c = new Integer(cs[i]);
17:       if(c == (a+b)){
18:         s = "Correct";
19:         correct ++;


An error occurred at line: [17] in the jsp file: [/Exercise38_14_DisplayResult.jsp]
c cannot be resolved to a variable
14:       a = new Integer(as[i]);
15:       b = new Integer(bs[i]);
16:       c = new Integer(cs[i]);
17:       if(c == (a+b)){
18:         s = "Correct";
19:         correct ++;
20:       }


An error occurred at line: [27] in the jsp file: [/Exercise38_14_DisplayResult.jsp]
c cannot be resolved to a variable
24:        <td>&plus;</td>
25:        <td><%=b%></td>
26:        <td>&equals;</td>
27:        <td><%=c%></td>
28:        <td><%=s%></td>
29:       </tr>
30: <%


Stacktrace:] with root cause
	org.apache.jasper.JasperException: Unable to compile class for JSP: 

An error occurred at line: [16] in the jsp file: [/Exercise38_14_DisplayResult.jsp]
c cannot be resolved to a variable
13:     try{
14:       a = new Integer(as[i]);
15:       b = new Integer(bs[i]);
16:       c = new Integer(cs[i]);
17:       if(c == (a+b)){
18:         s = "Correct";
19:         correct ++;


An error occurred at line: [17] in the jsp file: [/Exercise38_14_DisplayResult.jsp]
c cannot be resolved to a variable
14:       a = new Integer(as[i]);
15:       b = new Integer(bs[i]);
16:       c = new Integer(cs[i]);
17:       if(c == (a+b)){
18:         s = "Correct";
19:         correct ++;
20:       }


An error occurred at line: [27] in the jsp file: [/Exercise38_14_DisplayResult.jsp]
c cannot be resolved to a variable
24:        <td>&plus;</td>
25:        <td><%=b%></td>
26:        <td>&equals;</td>
27:        <td><%=c%></td>
28:        <td><%=s%></td>
29:       </tr>
30: <%


Stacktrace:
		at org.apache.jasper.compiler.DefaultErrorHandler.javacError(DefaultErrorHandler.java:103)
		at org.apache.jasper.compiler.ErrorDispatcher.javacError(ErrorDispatcher.java:213)
		at org.apache.jasper.compiler.JDTCompiler.generateClass(JDTCompiler.java:481)
		at org.apache.jasper.compiler.Compiler.compile(Compiler.java:398)
		at org.apache.jasper.compiler.Compiler.compile(Compiler.java:368)
		at org.apache.jasper.compiler.Compiler.compile(Compiler.java:352)
		at org.apache.jasper.JspCompilationContext.compile(JspCompilationContext.java:605)
		at org.apache.jasper.servlet.JspServletWrapper.service(JspServletWrapper.java:400)
		at org.apache.jasper.servlet.JspServlet.serviceJspFile(JspServlet.java:378)
		at org.apache.jasper.servlet.JspServlet.service(JspServlet.java:326)
		at javax.servlet.http.HttpServlet.service(HttpServlet.java:733)
		at org.apache.catalina.core.ApplicationFilterChain.internalDoFilter(ApplicationFilterChain.java:227)
		at org.apache.catalina.core.ApplicationFilterChain.doFilter(ApplicationFilterChain.java:162)
		at org.apache.tomcat.websocket.server.WsFilter.doFilter(WsFilter.java:53)
		at org.apache.catalina.core.ApplicationFilterChain.internalDoFilter(ApplicationFilterChain.java:189)
		at org.apache.catalina.core.ApplicationFilterChain.doFilter(ApplicationFilterChain.java:162)
		at org.apache.catalina.core.StandardWrapperValve.invoke(StandardWrapperValve.java:202)
		at org.apache.catalina.core.StandardContextValve.invoke(StandardContextValve.java:97)
		at org.apache.catalina.authenticator.AuthenticatorBase.invoke(AuthenticatorBase.java:542)
		at org.apache.catalina.core.StandardHostValve.invoke(StandardHostValve.java:143)
		at org.apache.catalina.valves.ErrorReportValve.invoke(ErrorReportValve.java:92)
		at org.apache.catalina.valves.AbstractAccessLogValve.invoke(AbstractAccessLogValve.java:687)
		at org.apache.catalina.core.StandardEngineValve.invoke(StandardEngineValve.java:78)
		at org.apache.catalina.connector.CoyoteAdapter.service(CoyoteAdapter.java:357)
		at org.apache.coyote.http11.Http11Processor.service(Http11Processor.java:374)
		at org.apache.coyote.AbstractProcessorLight.process(AbstractProcessorLight.java:65)
		at org.apache.coyote.AbstractProtocol$ConnectionHandler.process(AbstractProtocol.java:893)
		at org.apache.tomcat.util.net.NioEndpoint$SocketProcessor.doRun(NioEndpoint.java:1707)
		at org.apache.tomcat.util.net.SocketProcessorBase.run(SocketProcessorBase.java:49)
		at java.util.concurrent.ThreadPoolExecutor.runWorker(ThreadPoolExecutor.java:1149)
		at java.util.concurrent.ThreadPoolExecutor$Worker.run(ThreadPoolExecutor.java:624)
		at org.apache.tomcat.util.threads.TaskThread$WrappingRunnable.run(TaskThread.java:61)
		at java.lang.Thread.run(Thread.java:748)
16-May-2021 12:23:36.563 INFO [main] org.apache.catalina.core.ApplicationContext.log SessionListener: contextDestroyed()
16-May-2021 12:23:36.563 INFO [main] org.apache.catalina.core.ApplicationContext.log ContextListener: contextDestroyed()
